{"C:\\Users\\Ангел\\stellar-burgers\\src\\services\\rootReducer.ts": {"path":"C:\\Users\\Ангел\\stellar-burgers\\src\\services\\rootReducer.ts","statementMap":{"0":{"start":{"line":1,"column":0},"end":{"line":1,"column":51}},"1":{"start":{"line":2,"column":0},"end":{"line":2,"column":59}},"2":{"start":{"line":3,"column":0},"end":{"line":3,"column":45}},"3":{"start":{"line":4,"column":0},"end":{"line":4,"column":47}},"4":{"start":{"line":5,"column":0},"end":{"line":5,"column":71}},"5":{"start":{"line":7,"column":13},"end":{"line":12,"column":3}}},"fnMap":{},"branchMap":{},"s":{"0":1,"1":1,"2":1,"3":1,"4":1,"5":1},"f":{},"b":{}}
,"C:\\Users\\Ангел\\stellar-burgers\\src\\services\\slices\\authSlice.ts": {"path":"C:\\Users\\Ангел\\stellar-burgers\\src\\services\\slices\\authSlice.ts","statementMap":{"0":{"start":{"line":1,"column":0},"end":{"line":1,"column":80}},"1":{"start":{"line":2,"column":0},"end":{"line":2,"column":null}},"2":{"start":{"line":24,"column":32},"end":{"line":29,"column":2}},"3":{"start":{"line":31,"column":13},"end":{"line":44,"column":2}},"4":{"start":{"line":33,"column":44},"end":{"line":33,"column":46}},"5":{"start":{"line":35,"column":23},"end":{"line":35,"column":null}},"6":{"start":{"line":35,"column":12},"end":{"line":35,"column":null}},"7":{"start":{"line":36,"column":6},"end":{"line":36,"column":66}},"8":{"start":{"line":37,"column":6},"end":{"line":37,"column":62}},"9":{"start":{"line":38,"column":6},"end":{"line":38,"column":27}},"10":{"start":{"line":40,"column":12},"end":{"line":40,"column":44}},"11":{"start":{"line":41,"column":6},"end":{"line":41,"column":72}},"12":{"start":{"line":46,"column":13},"end":{"line":59,"column":2}},"13":{"start":{"line":48,"column":47},"end":{"line":48,"column":49}},"14":{"start":{"line":50,"column":23},"end":{"line":50,"column":null}},"15":{"start":{"line":50,"column":12},"end":{"line":50,"column":null}},"16":{"start":{"line":51,"column":6},"end":{"line":51,"column":66}},"17":{"start":{"line":52,"column":6},"end":{"line":52,"column":62}},"18":{"start":{"line":53,"column":6},"end":{"line":53,"column":27}},"19":{"start":{"line":55,"column":12},"end":{"line":55,"column":44}},"20":{"start":{"line":56,"column":6},"end":{"line":56,"column":72}},"21":{"start":{"line":61,"column":13},"end":{"line":74,"column":2}},"22":{"start":{"line":63,"column":29},"end":{"line":63,"column":31}},"23":{"start":{"line":65,"column":23},"end":{"line":65,"column":null}},"24":{"start":{"line":65,"column":12},"end":{"line":65,"column":null}},"25":{"start":{"line":66,"column":6},"end":{"line":66,"column":27}},"26":{"start":{"line":68,"column":12},"end":{"line":68,"column":44}},"27":{"start":{"line":69,"column":6},"end":{"line":71,"column":8}},"28":{"start":{"line":76,"column":13},"end":{"line":89,"column":2}},"29":{"start":{"line":78,"column":56},"end":{"line":78,"column":58}},"30":{"start":{"line":80,"column":23},"end":{"line":80,"column":null}},"31":{"start":{"line":80,"column":12},"end":{"line":80,"column":null}},"32":{"start":{"line":81,"column":6},"end":{"line":81,"column":27}},"33":{"start":{"line":83,"column":12},"end":{"line":83,"column":44}},"34":{"start":{"line":84,"column":6},"end":{"line":86,"column":8}},"35":{"start":{"line":91,"column":13},"end":{"line":105,"column":2}},"36":{"start":{"line":93,"column":29},"end":{"line":93,"column":31}},"37":{"start":{"line":95,"column":6},"end":{"line":95,"column":24}},"38":{"start":{"line":96,"column":6},"end":{"line":96,"column":46}},"39":{"start":{"line":97,"column":6},"end":{"line":98,"column":71}},"40":{"start":{"line":99,"column":6},"end":{"line":99,"column":18}},"41":{"start":{"line":101,"column":12},"end":{"line":101,"column":44}},"42":{"start":{"line":102,"column":6},"end":{"line":102,"column":67}},"43":{"start":{"line":107,"column":18},"end":{"line":177,"column":2}},"44":{"start":{"line":112,"column":6},"end":{"line":112,"column":25}},"45":{"start":{"line":115,"column":6},"end":{"line":115,"column":36}},"46":{"start":{"line":119,"column":4},"end":{"line":175,"column":9}},"47":{"start":{"line":121,"column":8},"end":{"line":121,"column":31}},"48":{"start":{"line":122,"column":8},"end":{"line":122,"column":27}},"49":{"start":{"line":125,"column":8},"end":{"line":125,"column":32}},"50":{"start":{"line":126,"column":8},"end":{"line":126,"column":36}},"51":{"start":{"line":127,"column":8},"end":{"line":127,"column":28}},"52":{"start":{"line":130,"column":8},"end":{"line":130,"column":32}},"53":{"start":{"line":131,"column":8},"end":{"line":131,"column":73}},"54":{"start":{"line":134,"column":8},"end":{"line":134,"column":31}},"55":{"start":{"line":135,"column":8},"end":{"line":135,"column":27}},"56":{"start":{"line":138,"column":8},"end":{"line":138,"column":32}},"57":{"start":{"line":139,"column":8},"end":{"line":139,"column":36}},"58":{"start":{"line":140,"column":8},"end":{"line":140,"column":28}},"59":{"start":{"line":143,"column":8},"end":{"line":143,"column":32}},"60":{"start":{"line":144,"column":8},"end":{"line":144,"column":73}},"61":{"start":{"line":147,"column":8},"end":{"line":147,"column":31}},"62":{"start":{"line":150,"column":8},"end":{"line":150,"column":32}},"63":{"start":{"line":151,"column":8},"end":{"line":151,"column":36}},"64":{"start":{"line":152,"column":8},"end":{"line":152,"column":28}},"65":{"start":{"line":155,"column":8},"end":{"line":155,"column":32}},"66":{"start":{"line":156,"column":8},"end":{"line":156,"column":29}},"67":{"start":{"line":157,"column":8},"end":{"line":157,"column":26}},"68":{"start":{"line":160,"column":8},"end":{"line":160,"column":31}},"69":{"start":{"line":161,"column":8},"end":{"line":161,"column":27}},"70":{"start":{"line":164,"column":8},"end":{"line":164,"column":32}},"71":{"start":{"line":165,"column":8},"end":{"line":165,"column":36}},"72":{"start":{"line":166,"column":8},"end":{"line":166,"column":27}},"73":{"start":{"line":169,"column":8},"end":{"line":169,"column":32}},"74":{"start":{"line":170,"column":8},"end":{"line":170,"column":80}},"75":{"start":{"line":173,"column":8},"end":{"line":173,"column":26}},"76":{"start":{"line":174,"column":8},"end":{"line":174,"column":29}},"77":{"start":{"line":179,"column":15},"end":{"line":179,"column":39}},"78":{"start":{"line":180,"column":0},"end":{"line":180,"column":33}},"79":{"start":{"line":182,"column":28},"end":{"line":182,"column":65}},"80":{"start":{"line":182,"column":60},"end":{"line":182,"column":71}},"81":{"start":{"line":182,"column":13},"end":{"line":182,"column":28}},"82":{"start":{"line":183,"column":28},"end":{"line":183,"column":65}},"83":{"start":{"line":183,"column":60},"end":{"line":183,"column":78}},"84":{"start":{"line":183,"column":13},"end":{"line":183,"column":28}},"85":{"start":{"line":184,"column":27},"end":{"line":184,"column":64}},"86":{"start":{"line":184,"column":59},"end":{"line":184,"column":75}},"87":{"start":{"line":184,"column":13},"end":{"line":184,"column":27}},"88":{"start":{"line":185,"column":30},"end":{"line":186,"column":7}},"89":{"start":{"line":186,"column":2},"end":{"line":186,"column":23}},"90":{"start":{"line":185,"column":13},"end":{"line":185,"column":30}},"91":{"start":{"line":187,"column":28},"end":{"line":187,"column":65}},"92":{"start":{"line":187,"column":60},"end":{"line":187,"column":77}},"93":{"start":{"line":187,"column":13},"end":{"line":187,"column":28}}},"fnMap":{"0":{"name":"(anonymous_13)","decl":{"start":{"line":33,"column":2},"end":{"line":33,"column":9}},"loc":{"start":{"line":33,"column":46},"end":{"line":43,"column":null}}},"1":{"name":"(anonymous_16)","decl":{"start":{"line":48,"column":2},"end":{"line":48,"column":9}},"loc":{"start":{"line":48,"column":49},"end":{"line":58,"column":null}}},"2":{"name":"(anonymous_19)","decl":{"start":{"line":63,"column":2},"end":{"line":63,"column":9}},"loc":{"start":{"line":63,"column":31},"end":{"line":73,"column":null}}},"3":{"name":"(anonymous_22)","decl":{"start":{"line":78,"column":2},"end":{"line":78,"column":9}},"loc":{"start":{"line":78,"column":58},"end":{"line":88,"column":null}}},"4":{"name":"(anonymous_25)","decl":{"start":{"line":93,"column":2},"end":{"line":93,"column":9}},"loc":{"start":{"line":93,"column":31},"end":{"line":104,"column":null}}},"5":{"name":"(anonymous_28)","decl":{"start":{"line":111,"column":16},"end":{"line":111,"column":17}},"loc":{"start":{"line":111,"column":22},"end":{"line":113,"column":5}}},"6":{"name":"(anonymous_29)","decl":{"start":{"line":114,"column":13},"end":{"line":114,"column":14}},"loc":{"start":{"line":114,"column":51},"end":{"line":116,"column":5}}},"7":{"name":"(anonymous_30)","decl":{"start":{"line":118,"column":17},"end":{"line":118,"column":18}},"loc":{"start":{"line":118,"column":25},"end":{"line":176,"column":3}}},"8":{"name":"(anonymous_31)","decl":{"start":{"line":120,"column":34},"end":{"line":120,"column":35}},"loc":{"start":{"line":120,"column":40},"end":{"line":123,"column":7}}},"9":{"name":"(anonymous_32)","decl":{"start":{"line":124,"column":36},"end":{"line":124,"column":37}},"loc":{"start":{"line":124,"column":50},"end":{"line":128,"column":7}}},"10":{"name":"(anonymous_33)","decl":{"start":{"line":129,"column":35},"end":{"line":129,"column":36}},"loc":{"start":{"line":129,"column":49},"end":{"line":132,"column":7}}},"11":{"name":"(anonymous_34)","decl":{"start":{"line":133,"column":37},"end":{"line":133,"column":38}},"loc":{"start":{"line":133,"column":43},"end":{"line":136,"column":7}}},"12":{"name":"(anonymous_35)","decl":{"start":{"line":137,"column":39},"end":{"line":137,"column":40}},"loc":{"start":{"line":137,"column":53},"end":{"line":141,"column":7}}},"13":{"name":"(anonymous_36)","decl":{"start":{"line":142,"column":38},"end":{"line":142,"column":39}},"loc":{"start":{"line":142,"column":52},"end":{"line":145,"column":7}}},"14":{"name":"(anonymous_37)","decl":{"start":{"line":146,"column":32},"end":{"line":146,"column":33}},"loc":{"start":{"line":146,"column":38},"end":{"line":148,"column":7}}},"15":{"name":"(anonymous_38)","decl":{"start":{"line":149,"column":34},"end":{"line":149,"column":35}},"loc":{"start":{"line":149,"column":48},"end":{"line":153,"column":7}}},"16":{"name":"(anonymous_39)","decl":{"start":{"line":154,"column":33},"end":{"line":154,"column":34}},"loc":{"start":{"line":154,"column":39},"end":{"line":158,"column":7}}},"17":{"name":"(anonymous_40)","decl":{"start":{"line":159,"column":35},"end":{"line":159,"column":36}},"loc":{"start":{"line":159,"column":41},"end":{"line":162,"column":7}}},"18":{"name":"(anonymous_41)","decl":{"start":{"line":163,"column":37},"end":{"line":163,"column":38}},"loc":{"start":{"line":163,"column":51},"end":{"line":167,"column":7}}},"19":{"name":"(anonymous_42)","decl":{"start":{"line":168,"column":36},"end":{"line":168,"column":37}},"loc":{"start":{"line":168,"column":50},"end":{"line":171,"column":7}}},"20":{"name":"(anonymous_43)","decl":{"start":{"line":172,"column":37},"end":{"line":172,"column":38}},"loc":{"start":{"line":172,"column":43},"end":{"line":175,"column":7}}},"21":{"name":"(anonymous_44)","decl":{"start":{"line":182,"column":28},"end":{"line":182,"column":29}},"loc":{"start":{"line":182,"column":55},"end":{"line":182,"column":65}}},"22":{"name":"(anonymous_45)","decl":{"start":{"line":183,"column":28},"end":{"line":183,"column":29}},"loc":{"start":{"line":183,"column":55},"end":{"line":183,"column":65}}},"23":{"name":"(anonymous_46)","decl":{"start":{"line":184,"column":27},"end":{"line":184,"column":28}},"loc":{"start":{"line":184,"column":54},"end":{"line":184,"column":64}}},"24":{"name":"(anonymous_47)","decl":{"start":{"line":185,"column":30},"end":{"line":185,"column":31}},"loc":{"start":{"line":185,"column":57},"end":{"line":186,"column":7}}},"25":{"name":"(anonymous_48)","decl":{"start":{"line":187,"column":28},"end":{"line":187,"column":29}},"loc":{"start":{"line":187,"column":55},"end":{"line":187,"column":65}}}},"branchMap":{"0":{"loc":{"start":{"line":41,"column":29},"end":{"line":41,"column":70}},"type":"binary-expr","locations":[{"start":{"line":41,"column":29},"end":{"line":41,"column":46}},{"start":{"line":41,"column":50},"end":{"line":41,"column":70}}]},"1":{"loc":{"start":{"line":56,"column":29},"end":{"line":56,"column":70}},"type":"binary-expr","locations":[{"start":{"line":56,"column":29},"end":{"line":56,"column":46}},{"start":{"line":56,"column":50},"end":{"line":56,"column":70}}]},"2":{"loc":{"start":{"line":70,"column":8},"end":{"line":70,"column":60}},"type":"binary-expr","locations":[{"start":{"line":70,"column":8},"end":{"line":70,"column":25}},{"start":{"line":70,"column":29},"end":{"line":70,"column":60}}]},"3":{"loc":{"start":{"line":85,"column":8},"end":{"line":85,"column":61}},"type":"binary-expr","locations":[{"start":{"line":85,"column":8},"end":{"line":85,"column":25}},{"start":{"line":85,"column":29},"end":{"line":85,"column":61}}]},"4":{"loc":{"start":{"line":102,"column":29},"end":{"line":102,"column":65}},"type":"binary-expr","locations":[{"start":{"line":102,"column":29},"end":{"line":102,"column":46}},{"start":{"line":102,"column":50},"end":{"line":102,"column":65}}]},"5":{"loc":{"start":{"line":131,"column":23},"end":{"line":131,"column":72}},"type":"binary-expr","locations":[{"start":{"line":131,"column":23},"end":{"line":131,"column":48}},{"start":{"line":131,"column":52},"end":{"line":131,"column":72}}]},"6":{"loc":{"start":{"line":144,"column":23},"end":{"line":144,"column":72}},"type":"binary-expr","locations":[{"start":{"line":144,"column":23},"end":{"line":144,"column":48}},{"start":{"line":144,"column":52},"end":{"line":144,"column":72}}]},"7":{"loc":{"start":{"line":170,"column":23},"end":{"line":170,"column":79}},"type":"binary-expr","locations":[{"start":{"line":170,"column":23},"end":{"line":170,"column":48}},{"start":{"line":170,"column":52},"end":{"line":170,"column":79}}]}},"s":{"0":2,"1":2,"2":2,"3":2,"4":0,"5":0,"6":0,"7":0,"8":0,"9":0,"10":0,"11":0,"12":2,"13":0,"14":0,"15":0,"16":0,"17":0,"18":0,"19":0,"20":0,"21":2,"22":0,"23":0,"24":0,"25":0,"26":0,"27":0,"28":2,"29":0,"30":0,"31":0,"32":0,"33":0,"34":0,"35":2,"36":0,"37":0,"38":0,"39":0,"40":0,"41":0,"42":0,"43":2,"44":1,"45":2,"46":2,"47":0,"48":0,"49":0,"50":0,"51":0,"52":0,"53":0,"54":0,"55":0,"56":0,"57":0,"58":0,"59":0,"60":0,"61":1,"62":1,"63":1,"64":1,"65":1,"66":1,"67":1,"68":0,"69":0,"70":0,"71":0,"72":0,"73":0,"74":0,"75":0,"76":0,"77":2,"78":2,"79":2,"80":0,"81":2,"82":2,"83":0,"84":2,"85":2,"86":0,"87":2,"88":2,"89":0,"90":2,"91":2,"92":0,"93":2},"f":{"0":0,"1":0,"2":0,"3":0,"4":0,"5":1,"6":2,"7":2,"8":0,"9":0,"10":0,"11":0,"12":0,"13":0,"14":1,"15":1,"16":1,"17":0,"18":0,"19":0,"20":0,"21":0,"22":0,"23":0,"24":0,"25":0},"b":{"0":[0,0],"1":[0,0],"2":[0,0],"3":[0,0],"4":[0,0],"5":[0,0],"6":[0,0],"7":[0,0]}}
,"C:\\Users\\Ангел\\stellar-burgers\\src\\services\\slices\\burgerConstructorSlice.ts": {"path":"C:\\Users\\Ангел\\stellar-burgers\\src\\services\\slices\\burgerConstructorSlice.ts","statementMap":{"0":{"start":{"line":1,"column":0},"end":{"line":1,"column":62}},"1":{"start":{"line":9,"column":45},"end":{"line":12,"column":2}},"2":{"start":{"line":14,"column":31},"end":{"line":43,"column":2}},"3":{"start":{"line":19,"column":6},"end":{"line":19,"column":33}},"4":{"start":{"line":22,"column":6},"end":{"line":22,"column":45}},"5":{"start":{"line":25,"column":20},"end":{"line":25,"column":42}},"6":{"start":{"line":26,"column":6},"end":{"line":26,"column":74}},"7":{"start":{"line":26,"column":61},"end":{"line":26,"column":73}},"8":{"start":{"line":32,"column":27},"end":{"line":32,"column":41}},"9":{"start":{"line":32,"column":18},"end":{"line":32,"column":20}},"10":{"start":{"line":32,"column":22},"end":{"line":32,"column":27}},"11":{"start":{"line":33,"column":23},"end":{"line":33,"column":48}},"12":{"start":{"line":34,"column":26},"end":{"line":34,"column":54}},"13":{"start":{"line":35,"column":6},"end":{"line":35,"column":43}},"14":{"start":{"line":36,"column":6},"end":{"line":36,"column":38}},"15":{"start":{"line":39,"column":6},"end":{"line":39,"column":23}},"16":{"start":{"line":40,"column":6},"end":{"line":40,"column":29}},"17":{"start":{"line":46,"column":2},"end":{"line":50,"column":null}},"18":{"start":{"line":53,"column":0},"end":{"line":53,"column":46}},"19":{"start":{"line":55,"column":35},"end":{"line":57,"column":11}},"20":{"start":{"line":57,"column":6},"end":{"line":57,"column":30}},"21":{"start":{"line":55,"column":13},"end":{"line":55,"column":35}}},"fnMap":{"0":{"name":"(anonymous_1)","decl":{"start":{"line":18,"column":12},"end":{"line":18,"column":13}},"loc":{"start":{"line":18,"column":54},"end":{"line":20,"column":5}}},"1":{"name":"(anonymous_2)","decl":{"start":{"line":21,"column":19},"end":{"line":21,"column":20}},"loc":{"start":{"line":21,"column":61},"end":{"line":23,"column":5}}},"2":{"name":"(anonymous_3)","decl":{"start":{"line":24,"column":22},"end":{"line":24,"column":23}},"loc":{"start":{"line":24,"column":59},"end":{"line":27,"column":5}}},"3":{"name":"(anonymous_4)","decl":{"start":{"line":26,"column":51},"end":{"line":26,"column":52}},"loc":{"start":{"line":26,"column":56},"end":{"line":26,"column":62}}},"4":{"name":"(anonymous_5)","decl":{"start":{"line":28,"column":20},"end":{"line":28,"column":null}},"loc":{"start":{"line":30,"column":57},"end":{"line":37,"column":5}}},"5":{"name":"(anonymous_6)","decl":{"start":{"line":38,"column":22},"end":{"line":38,"column":23}},"loc":{"start":{"line":38,"column":28},"end":{"line":41,"column":5}}},"6":{"name":"(anonymous_7)","decl":{"start":{"line":55,"column":35},"end":{"line":55,"column":36}},"loc":{"start":{"line":57,"column":1},"end":{"line":57,"column":11}}}},"branchMap":{},"s":{"0":3,"1":3,"2":3,"3":4,"4":12,"5":2,"6":2,"7":3,"8":2,"9":2,"10":2,"11":2,"12":2,"13":2,"14":2,"15":1,"16":1,"17":3,"18":3,"19":3,"20":0,"21":3},"f":{"0":4,"1":12,"2":2,"3":3,"4":2,"5":1,"6":0},"b":{}}
,"C:\\Users\\Ангел\\stellar-burgers\\src\\services\\slices\\ingredientsSlice.ts": {"path":"C:\\Users\\Ангел\\stellar-burgers\\src\\services\\slices\\ingredientsSlice.ts","statementMap":{"0":{"start":{"line":1,"column":0},"end":{"line":1,"column":null}},"1":{"start":{"line":6,"column":0},"end":{"line":6,"column":59}},"2":{"start":{"line":9,"column":13},"end":{"line":19,"column":2}},"3":{"start":{"line":11,"column":29},"end":{"line":11,"column":31}},"4":{"start":{"line":13,"column":19},"end":{"line":13,"column":null}},"5":{"start":{"line":13,"column":12},"end":{"line":13,"column":null}},"6":{"start":{"line":14,"column":6},"end":{"line":14,"column":18}},"7":{"start":{"line":16,"column":6},"end":{"line":16,"column":36}},"8":{"start":{"line":27,"column":39},"end":{"line":31,"column":2}},"9":{"start":{"line":33,"column":25},"end":{"line":60,"column":2}},"10":{"start":{"line":38,"column":6},"end":{"line":38,"column":25}},"11":{"start":{"line":42,"column":4},"end":{"line":58,"column":9}},"12":{"start":{"line":44,"column":8},"end":{"line":44,"column":31}},"13":{"start":{"line":45,"column":8},"end":{"line":45,"column":27}},"14":{"start":{"line":48,"column":8},"end":{"line":48,"column":32}},"15":{"start":{"line":49,"column":8},"end":{"line":49,"column":43}},"16":{"start":{"line":52,"column":8},"end":{"line":52,"column":32}},"17":{"start":{"line":54,"column":8},"end":{"line":57,"column":41}},"18":{"start":{"line":62,"column":15},"end":{"line":62,"column":55}},"19":{"start":{"line":63,"column":0},"end":{"line":63,"column":40}},"20":{"start":{"line":65,"column":35},"end":{"line":66,"column":7}},"21":{"start":{"line":66,"column":2},"end":{"line":66,"column":20}},"22":{"start":{"line":65,"column":13},"end":{"line":65,"column":35}},"23":{"start":{"line":68,"column":13},"end":{"line":71,"column":2}},"24":{"start":{"line":70,"column":24},"end":{"line":70,"column":null}},"25":{"start":{"line":73,"column":13},"end":{"line":76,"column":2}},"26":{"start":{"line":75,"column":24},"end":{"line":75,"column":null}},"27":{"start":{"line":78,"column":13},"end":{"line":81,"column":2}},"28":{"start":{"line":80,"column":24},"end":{"line":80,"column":null}},"29":{"start":{"line":83,"column":13},"end":{"line":85,"column":2}},"30":{"start":{"line":84,"column":2},"end":{"line":84,"column":null}},"31":{"start":{"line":84,"column":31},"end":{"line":84,"column":51}},"32":{"start":{"line":87,"column":13},"end":{"line":89,"column":2}},"33":{"start":{"line":88,"column":2},"end":{"line":88,"column":null}},"34":{"start":{"line":88,"column":31},"end":{"line":88,"column":52}},"35":{"start":{"line":91,"column":13},"end":{"line":93,"column":2}},"36":{"start":{"line":92,"column":2},"end":{"line":92,"column":null}},"37":{"start":{"line":92,"column":31},"end":{"line":92,"column":53}}},"fnMap":{"0":{"name":"(anonymous_13)","decl":{"start":{"line":11,"column":2},"end":{"line":11,"column":9}},"loc":{"start":{"line":11,"column":31},"end":{"line":18,"column":null}}},"1":{"name":"(anonymous_16)","decl":{"start":{"line":37,"column":16},"end":{"line":37,"column":17}},"loc":{"start":{"line":37,"column":22},"end":{"line":39,"column":5}}},"2":{"name":"(anonymous_17)","decl":{"start":{"line":41,"column":17},"end":{"line":41,"column":18}},"loc":{"start":{"line":41,"column":25},"end":{"line":59,"column":3}}},"3":{"name":"(anonymous_18)","decl":{"start":{"line":43,"column":41},"end":{"line":43,"column":42}},"loc":{"start":{"line":43,"column":47},"end":{"line":46,"column":7}}},"4":{"name":"(anonymous_19)","decl":{"start":{"line":47,"column":43},"end":{"line":47,"column":44}},"loc":{"start":{"line":47,"column":57},"end":{"line":50,"column":7}}},"5":{"name":"(anonymous_20)","decl":{"start":{"line":51,"column":42},"end":{"line":51,"column":43}},"loc":{"start":{"line":51,"column":56},"end":{"line":58,"column":7}}},"6":{"name":"(anonymous_21)","decl":{"start":{"line":65,"column":35},"end":{"line":65,"column":36}},"loc":{"start":{"line":65,"column":76},"end":{"line":66,"column":7}}},"7":{"name":"(anonymous_22)","decl":{"start":{"line":70,"column":2},"end":{"line":70,"column":3}},"loc":{"start":{"line":70,"column":19},"end":{"line":70,"column":40}}},"8":{"name":"(anonymous_23)","decl":{"start":{"line":75,"column":2},"end":{"line":75,"column":3}},"loc":{"start":{"line":75,"column":19},"end":{"line":75,"column":40}}},"9":{"name":"(anonymous_24)","decl":{"start":{"line":80,"column":2},"end":{"line":80,"column":3}},"loc":{"start":{"line":80,"column":19},"end":{"line":80,"column":40}}},"10":{"name":"(anonymous_25)","decl":{"start":{"line":83,"column":57},"end":{"line":83,"column":58}},"loc":{"start":{"line":83,"column":69},"end":{"line":84,"column":13}}},"11":{"name":"(anonymous_26)","decl":{"start":{"line":84,"column":21},"end":{"line":84,"column":22}},"loc":{"start":{"line":84,"column":26},"end":{"line":84,"column":35}}},"12":{"name":"(anonymous_27)","decl":{"start":{"line":87,"column":58},"end":{"line":87,"column":59}},"loc":{"start":{"line":87,"column":70},"end":{"line":88,"column":13}}},"13":{"name":"(anonymous_28)","decl":{"start":{"line":88,"column":21},"end":{"line":88,"column":22}},"loc":{"start":{"line":88,"column":26},"end":{"line":88,"column":35}}},"14":{"name":"(anonymous_29)","decl":{"start":{"line":91,"column":59},"end":{"line":91,"column":60}},"loc":{"start":{"line":91,"column":71},"end":{"line":92,"column":13}}},"15":{"name":"(anonymous_30)","decl":{"start":{"line":92,"column":21},"end":{"line":92,"column":22}},"loc":{"start":{"line":92,"column":26},"end":{"line":92,"column":35}}}},"branchMap":{"0":{"loc":{"start":{"line":55,"column":11},"end":{"line":57,"column":40}},"type":"binary-expr","locations":[{"start":{"line":55,"column":11},"end":{"line":55,"column":36}},{"start":{"line":56,"column":11},"end":{"line":56,"column":43}},{"start":{"line":57,"column":10},"end":{"line":57,"column":40}}]},"1":{"loc":{"start":{"line":56,"column":11},"end":{"line":56,"column":43}},"type":"cond-expr","locations":[{"start":{"line":56,"column":23},"end":{"line":56,"column":25}},{"start":{"line":56,"column":23},"end":{"line":56,"column":43}}]},"2":{"loc":{"start":{"line":56,"column":11},"end":{"line":56,"column":25}},"type":"binary-expr","locations":[{"start":{"line":56,"column":11},"end":{"line":56,"column":25}},{"start":{"line":56,"column":23},"end":{"line":56,"column":25}}]}},"s":{"0":2,"1":2,"2":2,"3":0,"4":0,"5":0,"6":0,"7":0,"8":2,"9":2,"10":2,"11":2,"12":1,"13":1,"14":1,"15":1,"16":2,"17":2,"18":2,"19":2,"20":2,"21":0,"22":2,"23":2,"24":0,"25":2,"26":0,"27":2,"28":0,"29":2,"30":0,"31":0,"32":2,"33":0,"34":0,"35":2,"36":0,"37":0},"f":{"0":0,"1":2,"2":2,"3":1,"4":1,"5":2,"6":0,"7":0,"8":0,"9":0,"10":0,"11":0,"12":0,"13":0,"14":0,"15":0},"b":{"0":[2,1,0],"1":[0,1],"2":[1,1]}}
,"C:\\Users\\Ангел\\stellar-burgers\\src\\services\\slices\\orderSlice.ts": {"path":"C:\\Users\\Ангел\\stellar-burgers\\src\\services\\slices\\orderSlice.ts","statementMap":{"0":{"start":{"line":1,"column":0},"end":{"line":1,"column":80}},"1":{"start":{"line":2,"column":0},"end":{"line":2,"column":null}},"2":{"start":{"line":8,"column":0},"end":{"line":8,"column":60}},"3":{"start":{"line":24,"column":33},"end":{"line":32,"column":2}},"4":{"start":{"line":34,"column":13},"end":{"line":47,"column":2}},"5":{"start":{"line":36,"column":29},"end":{"line":36,"column":31}},"6":{"start":{"line":38,"column":23},"end":{"line":38,"column":null}},"7":{"start":{"line":38,"column":12},"end":{"line":38,"column":null}},"8":{"start":{"line":39,"column":6},"end":{"line":39,"column":22}},"9":{"start":{"line":41,"column":12},"end":{"line":41,"column":46}},"10":{"start":{"line":42,"column":6},"end":{"line":44,"column":8}},"11":{"start":{"line":49,"column":13},"end":{"line":62,"column":2}},"12":{"start":{"line":51,"column":29},"end":{"line":51,"column":31}},"13":{"start":{"line":53,"column":21},"end":{"line":53,"column":null}},"14":{"start":{"line":53,"column":12},"end":{"line":53,"column":null}},"15":{"start":{"line":54,"column":6},"end":{"line":54,"column":20}},"16":{"start":{"line":56,"column":12},"end":{"line":56,"column":46}},"17":{"start":{"line":57,"column":6},"end":{"line":59,"column":8}},"18":{"start":{"line":64,"column":13},"end":{"line":78,"column":2}},"19":{"start":{"line":66,"column":42},"end":{"line":66,"column":44}},"20":{"start":{"line":66,"column":59},"end":{"line":66,"column":61}},"21":{"start":{"line":68,"column":23},"end":{"line":68,"column":null}},"22":{"start":{"line":68,"column":12},"end":{"line":68,"column":null}},"23":{"start":{"line":70,"column":6},"end":{"line":70,"column":35}},"24":{"start":{"line":72,"column":6},"end":{"line":72,"column":28}},"25":{"start":{"line":74,"column":12},"end":{"line":74,"column":46}},"26":{"start":{"line":75,"column":6},"end":{"line":75,"column":77}},"27":{"start":{"line":80,"column":19},"end":{"line":149,"column":2}},"28":{"start":{"line":85,"column":6},"end":{"line":85,"column":32}},"29":{"start":{"line":86,"column":6},"end":{"line":86,"column":25}},"30":{"start":{"line":89,"column":6},"end":{"line":89,"column":36}},"31":{"start":{"line":92,"column":6},"end":{"line":92,"column":40}},"32":{"start":{"line":98,"column":6},"end":{"line":98,"column":41}},"33":{"start":{"line":99,"column":6},"end":{"line":99,"column":51}},"34":{"start":{"line":102,"column":6},"end":{"line":102,"column":25}},"35":{"start":{"line":106,"column":4},"end":{"line":147,"column":9}},"36":{"start":{"line":108,"column":8},"end":{"line":108,"column":31}},"37":{"start":{"line":109,"column":8},"end":{"line":109,"column":27}},"38":{"start":{"line":112,"column":8},"end":{"line":112,"column":32}},"39":{"start":{"line":113,"column":8},"end":{"line":113,"column":49}},"40":{"start":{"line":114,"column":8},"end":{"line":114,"column":43}},"41":{"start":{"line":115,"column":8},"end":{"line":115,"column":53}},"42":{"start":{"line":118,"column":8},"end":{"line":118,"column":32}},"43":{"start":{"line":119,"column":8},"end":{"line":120,"column":72}},"44":{"start":{"line":123,"column":8},"end":{"line":123,"column":31}},"45":{"start":{"line":124,"column":8},"end":{"line":124,"column":27}},"46":{"start":{"line":127,"column":8},"end":{"line":127,"column":32}},"47":{"start":{"line":128,"column":8},"end":{"line":128,"column":38}},"48":{"start":{"line":131,"column":8},"end":{"line":131,"column":32}},"49":{"start":{"line":132,"column":8},"end":{"line":133,"column":74}},"50":{"start":{"line":136,"column":8},"end":{"line":136,"column":31}},"51":{"start":{"line":137,"column":8},"end":{"line":137,"column":27}},"52":{"start":{"line":138,"column":8},"end":{"line":138,"column":34}},"53":{"start":{"line":141,"column":8},"end":{"line":141,"column":32}},"54":{"start":{"line":142,"column":8},"end":{"line":142,"column":44}},"55":{"start":{"line":145,"column":8},"end":{"line":145,"column":32}},"56":{"start":{"line":146,"column":8},"end":{"line":146,"column":77}},"57":{"start":{"line":152,"column":2},"end":{"line":156,"column":null}},"58":{"start":{"line":158,"column":0},"end":{"line":158,"column":34}},"59":{"start":{"line":160,"column":30},"end":{"line":160,"column":70}},"60":{"start":{"line":160,"column":65},"end":{"line":160,"column":78}},"61":{"start":{"line":160,"column":13},"end":{"line":160,"column":30}},"62":{"start":{"line":161,"column":28},"end":{"line":162,"column":7}},"63":{"start":{"line":162,"column":2},"end":{"line":162,"column":22}},"64":{"start":{"line":161,"column":13},"end":{"line":161,"column":28}},"65":{"start":{"line":163,"column":29},"end":{"line":164,"column":7}},"66":{"start":{"line":164,"column":2},"end":{"line":164,"column":26}},"67":{"start":{"line":163,"column":13},"end":{"line":163,"column":29}},"68":{"start":{"line":165,"column":31},"end":{"line":166,"column":7}},"69":{"start":{"line":166,"column":2},"end":{"line":166,"column":28}},"70":{"start":{"line":165,"column":13},"end":{"line":165,"column":31}},"71":{"start":{"line":167,"column":32},"end":{"line":168,"column":7}},"72":{"start":{"line":168,"column":2},"end":{"line":168,"column":25}},"73":{"start":{"line":167,"column":13},"end":{"line":167,"column":32}},"74":{"start":{"line":169,"column":30},"end":{"line":170,"column":7}},"75":{"start":{"line":170,"column":2},"end":{"line":170,"column":21}},"76":{"start":{"line":169,"column":13},"end":{"line":169,"column":30}},"77":{"start":{"line":171,"column":36},"end":{"line":171,"column":72}},"78":{"start":{"line":171,"column":71},"end":{"line":175,"column":3}},"79":{"start":{"line":171,"column":13},"end":{"line":171,"column":36}}},"fnMap":{"0":{"name":"(anonymous_13)","decl":{"start":{"line":36,"column":2},"end":{"line":36,"column":9}},"loc":{"start":{"line":36,"column":31},"end":{"line":46,"column":null}}},"1":{"name":"(anonymous_16)","decl":{"start":{"line":51,"column":2},"end":{"line":51,"column":9}},"loc":{"start":{"line":51,"column":31},"end":{"line":61,"column":null}}},"2":{"name":"(anonymous_19)","decl":{"start":{"line":66,"column":2},"end":{"line":66,"column":9}},"loc":{"start":{"line":66,"column":61},"end":{"line":77,"column":null}}},"3":{"name":"(anonymous_22)","decl":{"start":{"line":84,"column":23},"end":{"line":84,"column":24}},"loc":{"start":{"line":84,"column":29},"end":{"line":87,"column":5}}},"4":{"name":"(anonymous_23)","decl":{"start":{"line":88,"column":15},"end":{"line":88,"column":16}},"loc":{"start":{"line":88,"column":54},"end":{"line":90,"column":5}}},"5":{"name":"(anonymous_24)","decl":{"start":{"line":91,"column":19},"end":{"line":91,"column":20}},"loc":{"start":{"line":91,"column":58},"end":{"line":93,"column":5}}},"6":{"name":"(anonymous_25)","decl":{"start":{"line":94,"column":18},"end":{"line":94,"column":null}},"loc":{"start":{"line":96,"column":66},"end":{"line":100,"column":5}}},"7":{"name":"(anonymous_26)","decl":{"start":{"line":101,"column":16},"end":{"line":101,"column":17}},"loc":{"start":{"line":101,"column":22},"end":{"line":103,"column":5}}},"8":{"name":"(anonymous_27)","decl":{"start":{"line":105,"column":17},"end":{"line":105,"column":18}},"loc":{"start":{"line":105,"column":25},"end":{"line":148,"column":3}}},"9":{"name":"(anonymous_28)","decl":{"start":{"line":107,"column":40},"end":{"line":107,"column":41}},"loc":{"start":{"line":107,"column":46},"end":{"line":110,"column":7}}},"10":{"name":"(anonymous_29)","decl":{"start":{"line":111,"column":42},"end":{"line":111,"column":43}},"loc":{"start":{"line":111,"column":56},"end":{"line":116,"column":7}}},"11":{"name":"(anonymous_30)","decl":{"start":{"line":117,"column":41},"end":{"line":117,"column":42}},"loc":{"start":{"line":117,"column":55},"end":{"line":121,"column":7}}},"12":{"name":"(anonymous_31)","decl":{"start":{"line":122,"column":40},"end":{"line":122,"column":41}},"loc":{"start":{"line":122,"column":46},"end":{"line":125,"column":7}}},"13":{"name":"(anonymous_32)","decl":{"start":{"line":126,"column":42},"end":{"line":126,"column":43}},"loc":{"start":{"line":126,"column":56},"end":{"line":129,"column":7}}},"14":{"name":"(anonymous_33)","decl":{"start":{"line":130,"column":41},"end":{"line":130,"column":42}},"loc":{"start":{"line":130,"column":55},"end":{"line":134,"column":7}}},"15":{"name":"(anonymous_34)","decl":{"start":{"line":135,"column":36},"end":{"line":135,"column":37}},"loc":{"start":{"line":135,"column":42},"end":{"line":139,"column":7}}},"16":{"name":"(anonymous_35)","decl":{"start":{"line":140,"column":38},"end":{"line":140,"column":39}},"loc":{"start":{"line":140,"column":52},"end":{"line":143,"column":7}}},"17":{"name":"(anonymous_36)","decl":{"start":{"line":144,"column":37},"end":{"line":144,"column":38}},"loc":{"start":{"line":144,"column":51},"end":{"line":147,"column":7}}},"18":{"name":"(anonymous_37)","decl":{"start":{"line":160,"column":30},"end":{"line":160,"column":31}},"loc":{"start":{"line":160,"column":60},"end":{"line":160,"column":70}}},"19":{"name":"(anonymous_38)","decl":{"start":{"line":161,"column":28},"end":{"line":161,"column":29}},"loc":{"start":{"line":161,"column":58},"end":{"line":162,"column":7}}},"20":{"name":"(anonymous_39)","decl":{"start":{"line":163,"column":29},"end":{"line":163,"column":30}},"loc":{"start":{"line":163,"column":59},"end":{"line":164,"column":7}}},"21":{"name":"(anonymous_40)","decl":{"start":{"line":165,"column":31},"end":{"line":165,"column":32}},"loc":{"start":{"line":165,"column":61},"end":{"line":166,"column":7}}},"22":{"name":"(anonymous_41)","decl":{"start":{"line":167,"column":32},"end":{"line":167,"column":33}},"loc":{"start":{"line":167,"column":62},"end":{"line":168,"column":7}}},"23":{"name":"(anonymous_42)","decl":{"start":{"line":169,"column":30},"end":{"line":169,"column":31}},"loc":{"start":{"line":169,"column":60},"end":{"line":170,"column":7}}},"24":{"name":"(anonymous_43)","decl":{"start":{"line":171,"column":36},"end":{"line":171,"column":37}},"loc":{"start":{"line":171,"column":66},"end":{"line":171,"column":72}}}},"branchMap":{"0":{"loc":{"start":{"line":43,"column":8},"end":{"line":43,"column":61}},"type":"binary-expr","locations":[{"start":{"line":43,"column":8},"end":{"line":43,"column":26}},{"start":{"line":43,"column":30},"end":{"line":43,"column":61}}]},"1":{"loc":{"start":{"line":58,"column":8},"end":{"line":58,"column":63}},"type":"binary-expr","locations":[{"start":{"line":58,"column":8},"end":{"line":58,"column":26}},{"start":{"line":58,"column":30},"end":{"line":58,"column":63}}]},"2":{"loc":{"start":{"line":75,"column":29},"end":{"line":75,"column":75}},"type":"binary-expr","locations":[{"start":{"line":75,"column":29},"end":{"line":75,"column":47}},{"start":{"line":75,"column":51},"end":{"line":75,"column":75}}]},"3":{"loc":{"start":{"line":120,"column":11},"end":{"line":120,"column":71}},"type":"binary-expr","locations":[{"start":{"line":120,"column":11},"end":{"line":120,"column":36}},{"start":{"line":120,"column":40},"end":{"line":120,"column":71}}]},"4":{"loc":{"start":{"line":133,"column":11},"end":{"line":133,"column":73}},"type":"binary-expr","locations":[{"start":{"line":133,"column":11},"end":{"line":133,"column":36}},{"start":{"line":133,"column":40},"end":{"line":133,"column":73}}]},"5":{"loc":{"start":{"line":146,"column":23},"end":{"line":146,"column":76}},"type":"binary-expr","locations":[{"start":{"line":146,"column":23},"end":{"line":146,"column":48}},{"start":{"line":146,"column":52},"end":{"line":146,"column":76}}]}},"s":{"0":2,"1":2,"2":2,"3":2,"4":2,"5":0,"6":0,"7":0,"8":0,"9":0,"10":0,"11":2,"12":0,"13":0,"14":0,"15":0,"16":0,"17":0,"18":2,"19":0,"20":0,"21":0,"22":0,"23":0,"24":0,"25":0,"26":0,"27":2,"28":1,"29":1,"30":0,"31":0,"32":0,"33":0,"34":1,"35":2,"36":1,"37":1,"38":1,"39":1,"40":1,"41":1,"42":1,"43":1,"44":0,"45":0,"46":0,"47":0,"48":0,"49":0,"50":1,"51":1,"52":1,"53":1,"54":1,"55":1,"56":1,"57":2,"58":2,"59":2,"60":0,"61":2,"62":2,"63":0,"64":2,"65":2,"66":0,"67":2,"68":2,"69":0,"70":2,"71":2,"72":0,"73":2,"74":2,"75":0,"76":2,"77":2,"78":0,"79":2},"f":{"0":0,"1":0,"2":0,"3":1,"4":0,"5":0,"6":0,"7":1,"8":2,"9":1,"10":1,"11":1,"12":0,"13":0,"14":0,"15":1,"16":1,"17":1,"18":0,"19":0,"20":0,"21":0,"22":0,"23":0,"24":0},"b":{"0":[0,0],"1":[0,0],"2":[0,0],"3":[1,0],"4":[0,0],"5":[1,0]}}
,"C:\\Users\\Ангел\\stellar-burgers\\src\\utils\\burger-api.ts": {"path":"C:\\Users\\Ангел\\stellar-burgers\\src\\utils\\burger-api.ts","statementMap":{"0":{"start":{"line":1,"column":0},"end":{"line":1,"column":48}},"1":{"start":{"line":4,"column":12},"end":{"line":4,"column":38}},"2":{"start":{"line":11,"column":22},"end":{"line":12,"column":5}},"3":{"start":{"line":12,"column":2},"end":{"line":14,"column":63}},"4":{"start":{"line":14,"column":42},"end":{"line":14,"column":62}},"5":{"start":{"line":25,"column":28},"end":{"line":26,"column":7}},"6":{"start":{"line":26,"column":2},"end":{"line":43,"column":7}},"7":{"start":{"line":35,"column":19},"end":{"line":35,"column":56}},"8":{"start":{"line":37,"column":6},"end":{"line":39,"column":7}},"9":{"start":{"line":38,"column":8},"end":{"line":38,"column":43}},"10":{"start":{"line":40,"column":6},"end":{"line":40,"column":69}},"11":{"start":{"line":41,"column":6},"end":{"line":41,"column":56}},"12":{"start":{"line":42,"column":6},"end":{"line":42,"column":25}},"13":{"start":{"line":25,"column":13},"end":{"line":25,"column":28}},"14":{"start":{"line":45,"column":32},"end":{"line":66,"column":2}},"15":{"start":{"line":47,"column":22},"end":{"line":66,"column":2}},"16":{"start":{"line":50,"column":16},"end":{"line":50,"column":null}},"17":{"start":{"line":50,"column":10},"end":{"line":50,"column":null}},"18":{"start":{"line":51,"column":11},"end":{"line":51,"column":39}},"19":{"start":{"line":51,"column":4},"end":{"line":51,"column":39}},"20":{"start":{"line":53,"column":10},"end":{"line":53,"column":38}},"21":{"start":{"line":54,"column":8},"end":{"line":54,"column":16}},"22":{"start":{"line":55,"column":26},"end":{"line":55,"column":null}},"23":{"start":{"line":55,"column":12},"end":{"line":55,"column":null}},"24":{"start":{"line":56,"column":6},"end":{"line":59,"column":7}},"25":{"start":{"line":57,"column":9},"end":{"line":58,"column":34}},"26":{"start":{"line":60,"column":18},"end":{"line":60,"column":null}},"27":{"start":{"line":60,"column":12},"end":{"line":60,"column":null}},"28":{"start":{"line":61,"column":13},"end":{"line":61,"column":41}},"29":{"start":{"line":61,"column":6},"end":{"line":61,"column":41}},"30":{"start":{"line":63,"column":6},"end":{"line":63,"column":33}},"31":{"start":{"line":45,"column":13},"end":{"line":45,"column":32}},"32":{"start":{"line":82,"column":33},"end":{"line":83,"column":7}},"33":{"start":{"line":83,"column":2},"end":{"line":88,"column":7}},"34":{"start":{"line":84,"column":19},"end":{"line":84,"column":60}},"35":{"start":{"line":86,"column":6},"end":{"line":86,"column":42}},"36":{"start":{"line":86,"column":25},"end":{"line":86,"column":42}},"37":{"start":{"line":87,"column":6},"end":{"line":87,"column":34}},"38":{"start":{"line":82,"column":13},"end":{"line":82,"column":33}},"39":{"start":{"line":90,"column":27},"end":{"line":91,"column":7}},"40":{"start":{"line":91,"column":2},"end":{"line":96,"column":7}},"41":{"start":{"line":92,"column":19},"end":{"line":92,"column":54}},"42":{"start":{"line":94,"column":6},"end":{"line":94,"column":37}},"43":{"start":{"line":94,"column":25},"end":{"line":94,"column":37}},"44":{"start":{"line":95,"column":6},"end":{"line":95,"column":34}},"45":{"start":{"line":90,"column":13},"end":{"line":90,"column":27}},"46":{"start":{"line":98,"column":28},"end":{"line":99,"column":18}},"47":{"start":{"line":99,"column":2},"end":{"line":108,"column":5}},"48":{"start":{"line":106,"column":4},"end":{"line":106,"column":42}},"49":{"start":{"line":106,"column":23},"end":{"line":106,"column":42}},"50":{"start":{"line":107,"column":4},"end":{"line":107,"column":32}},"51":{"start":{"line":98,"column":13},"end":{"line":98,"column":28}},"52":{"start":{"line":115,"column":30},"end":{"line":116,"column":18}},"53":{"start":{"line":116,"column":2},"end":{"line":128,"column":5}},"54":{"start":{"line":126,"column":4},"end":{"line":126,"column":35}},"55":{"start":{"line":126,"column":23},"end":{"line":126,"column":35}},"56":{"start":{"line":127,"column":4},"end":{"line":127,"column":32}},"57":{"start":{"line":115,"column":13},"end":{"line":115,"column":30}},"58":{"start":{"line":134,"column":35},"end":{"line":135,"column":7}},"59":{"start":{"line":135,"column":2},"end":{"line":140,"column":55}},"60":{"start":{"line":140,"column":19},"end":{"line":140,"column":54}},"61":{"start":{"line":134,"column":13},"end":{"line":134,"column":35}},"62":{"start":{"line":154,"column":31},"end":{"line":155,"column":7}},"63":{"start":{"line":155,"column":2},"end":{"line":166,"column":7}},"64":{"start":{"line":162,"column":19},"end":{"line":162,"column":53}},"65":{"start":{"line":164,"column":6},"end":{"line":164,"column":37}},"66":{"start":{"line":164,"column":25},"end":{"line":164,"column":37}},"67":{"start":{"line":165,"column":6},"end":{"line":165,"column":34}},"68":{"start":{"line":154,"column":13},"end":{"line":154,"column":31}},"69":{"start":{"line":173,"column":28},"end":{"line":174,"column":7}},"70":{"start":{"line":174,"column":2},"end":{"line":185,"column":7}},"71":{"start":{"line":181,"column":19},"end":{"line":181,"column":53}},"72":{"start":{"line":183,"column":6},"end":{"line":183,"column":37}},"73":{"start":{"line":183,"column":25},"end":{"line":183,"column":37}},"74":{"start":{"line":184,"column":6},"end":{"line":184,"column":34}},"75":{"start":{"line":173,"column":13},"end":{"line":173,"column":28}},"76":{"start":{"line":187,"column":33},"end":{"line":190,"column":7}},"77":{"start":{"line":190,"column":2},"end":{"line":201,"column":7}},"78":{"start":{"line":197,"column":19},"end":{"line":197,"column":59}},"79":{"start":{"line":199,"column":6},"end":{"line":199,"column":37}},"80":{"start":{"line":199,"column":25},"end":{"line":199,"column":37}},"81":{"start":{"line":200,"column":6},"end":{"line":200,"column":34}},"82":{"start":{"line":187,"column":13},"end":{"line":187,"column":33}},"83":{"start":{"line":203,"column":32},"end":{"line":207,"column":7}},"84":{"start":{"line":207,"column":2},"end":{"line":218,"column":7}},"85":{"start":{"line":214,"column":19},"end":{"line":214,"column":59}},"86":{"start":{"line":216,"column":6},"end":{"line":216,"column":37}},"87":{"start":{"line":216,"column":25},"end":{"line":216,"column":37}},"88":{"start":{"line":217,"column":6},"end":{"line":217,"column":34}},"89":{"start":{"line":203,"column":13},"end":{"line":203,"column":32}},"90":{"start":{"line":222,"column":26},"end":{"line":223,"column":18}},"91":{"start":{"line":223,"column":2},"end":{"line":227,"column":5}},"92":{"start":{"line":222,"column":13},"end":{"line":222,"column":26}},"93":{"start":{"line":229,"column":29},"end":{"line":232,"column":18}},"94":{"start":{"line":232,"column":2},"end":{"line":239,"column":5}},"95":{"start":{"line":229,"column":13},"end":{"line":229,"column":29}},"96":{"start":{"line":241,"column":25},"end":{"line":242,"column":7}},"97":{"start":{"line":242,"column":2},"end":{"line":250,"column":60}},"98":{"start":{"line":250,"column":19},"end":{"line":250,"column":59}},"99":{"start":{"line":241,"column":13},"end":{"line":241,"column":25}}},"fnMap":{"0":{"name":"(anonymous_13)","decl":{"start":{"line":11,"column":22},"end":{"line":11,"column":26}},"loc":{"start":{"line":11,"column":39},"end":{"line":12,"column":5}}},"1":{"name":"(anonymous_14)","decl":{"start":{"line":14,"column":22},"end":{"line":14,"column":23}},"loc":{"start":{"line":14,"column":37},"end":{"line":14,"column":49}}},"2":{"name":"(anonymous_15)","decl":{"start":{"line":25,"column":28},"end":{"line":25,"column":null}},"loc":{"start":{"line":25,"column":28},"end":{"line":26,"column":7}}},"3":{"name":"(anonymous_16)","decl":{"start":{"line":35,"column":10},"end":{"line":35,"column":11}},"loc":{"start":{"line":35,"column":14},"end":{"line":35,"column":32}}},"4":{"name":"(anonymous_17)","decl":{"start":{"line":36,"column":10},"end":{"line":36,"column":11}},"loc":{"start":{"line":36,"column":22},"end":{"line":43,"column":5}}},"5":{"name":"(anonymous_18)","decl":{"start":{"line":45,"column":32},"end":{"line":45,"column":null}},"loc":{"start":{"line":47,"column":22},"end":{"line":66,"column":2}}},"6":{"name":"(anonymous_19)","decl":{"start":{"line":47,"column":22},"end":{"line":47,"column":null}},"loc":{"start":{"line":47,"column":22},"end":{"line":66,"column":2}}},"7":{"name":"(anonymous_21)","decl":{"start":{"line":82,"column":33},"end":{"line":82,"column":null}},"loc":{"start":{"line":82,"column":33},"end":{"line":83,"column":7}}},"8":{"name":"(anonymous_22)","decl":{"start":{"line":84,"column":10},"end":{"line":84,"column":11}},"loc":{"start":{"line":84,"column":14},"end":{"line":84,"column":32}}},"9":{"name":"(anonymous_23)","decl":{"start":{"line":85,"column":10},"end":{"line":85,"column":11}},"loc":{"start":{"line":85,"column":15},"end":{"line":88,"column":5}}},"10":{"name":"(anonymous_24)","decl":{"start":{"line":90,"column":27},"end":{"line":90,"column":null}},"loc":{"start":{"line":90,"column":27},"end":{"line":91,"column":7}}},"11":{"name":"(anonymous_25)","decl":{"start":{"line":92,"column":10},"end":{"line":92,"column":11}},"loc":{"start":{"line":92,"column":14},"end":{"line":92,"column":32}}},"12":{"name":"(anonymous_26)","decl":{"start":{"line":93,"column":10},"end":{"line":93,"column":11}},"loc":{"start":{"line":93,"column":15},"end":{"line":96,"column":5}}},"13":{"name":"(anonymous_27)","decl":{"start":{"line":98,"column":28},"end":{"line":98,"column":null}},"loc":{"start":{"line":98,"column":28},"end":{"line":99,"column":18}}},"14":{"name":"(anonymous_28)","decl":{"start":{"line":105,"column":10},"end":{"line":105,"column":11}},"loc":{"start":{"line":105,"column":15},"end":{"line":108,"column":3}}},"15":{"name":"(anonymous_29)","decl":{"start":{"line":115,"column":30},"end":{"line":115,"column":31}},"loc":{"start":{"line":115,"column":45},"end":{"line":116,"column":18}}},"16":{"name":"(anonymous_30)","decl":{"start":{"line":125,"column":10},"end":{"line":125,"column":11}},"loc":{"start":{"line":125,"column":15},"end":{"line":128,"column":3}}},"17":{"name":"(anonymous_31)","decl":{"start":{"line":134,"column":35},"end":{"line":134,"column":36}},"loc":{"start":{"line":134,"column":50},"end":{"line":135,"column":7}}},"18":{"name":"(anonymous_32)","decl":{"start":{"line":140,"column":10},"end":{"line":140,"column":11}},"loc":{"start":{"line":140,"column":14},"end":{"line":140,"column":32}}},"19":{"name":"(anonymous_33)","decl":{"start":{"line":154,"column":31},"end":{"line":154,"column":32}},"loc":{"start":{"line":154,"column":51},"end":{"line":155,"column":7}}},"20":{"name":"(anonymous_34)","decl":{"start":{"line":162,"column":10},"end":{"line":162,"column":11}},"loc":{"start":{"line":162,"column":14},"end":{"line":162,"column":32}}},"21":{"name":"(anonymous_35)","decl":{"start":{"line":163,"column":10},"end":{"line":163,"column":11}},"loc":{"start":{"line":163,"column":15},"end":{"line":166,"column":5}}},"22":{"name":"(anonymous_36)","decl":{"start":{"line":173,"column":28},"end":{"line":173,"column":29}},"loc":{"start":{"line":173,"column":45},"end":{"line":174,"column":7}}},"23":{"name":"(anonymous_37)","decl":{"start":{"line":181,"column":10},"end":{"line":181,"column":11}},"loc":{"start":{"line":181,"column":14},"end":{"line":181,"column":32}}},"24":{"name":"(anonymous_38)","decl":{"start":{"line":182,"column":10},"end":{"line":182,"column":11}},"loc":{"start":{"line":182,"column":15},"end":{"line":185,"column":5}}},"25":{"name":"(anonymous_39)","decl":{"start":{"line":187,"column":33},"end":{"line":187,"column":34}},"loc":{"start":{"line":189,"column":1},"end":{"line":190,"column":7}}},"26":{"name":"(anonymous_40)","decl":{"start":{"line":197,"column":10},"end":{"line":197,"column":11}},"loc":{"start":{"line":197,"column":14},"end":{"line":197,"column":32}}},"27":{"name":"(anonymous_41)","decl":{"start":{"line":198,"column":10},"end":{"line":198,"column":11}},"loc":{"start":{"line":198,"column":15},"end":{"line":201,"column":5}}},"28":{"name":"(anonymous_42)","decl":{"start":{"line":203,"column":32},"end":{"line":203,"column":33}},"loc":{"start":{"line":206,"column":1},"end":{"line":207,"column":7}}},"29":{"name":"(anonymous_43)","decl":{"start":{"line":214,"column":10},"end":{"line":214,"column":11}},"loc":{"start":{"line":214,"column":14},"end":{"line":214,"column":32}}},"30":{"name":"(anonymous_44)","decl":{"start":{"line":215,"column":10},"end":{"line":215,"column":11}},"loc":{"start":{"line":215,"column":15},"end":{"line":218,"column":5}}},"31":{"name":"(anonymous_45)","decl":{"start":{"line":222,"column":26},"end":{"line":222,"column":null}},"loc":{"start":{"line":222,"column":26},"end":{"line":223,"column":18}}},"32":{"name":"(anonymous_46)","decl":{"start":{"line":229,"column":29},"end":{"line":229,"column":null}},"loc":{"start":{"line":230,"column":30},"end":{"line":232,"column":18}}},"33":{"name":"(anonymous_47)","decl":{"start":{"line":241,"column":25},"end":{"line":241,"column":null}},"loc":{"start":{"line":241,"column":25},"end":{"line":242,"column":7}}},"34":{"name":"(anonymous_48)","decl":{"start":{"line":250,"column":10},"end":{"line":250,"column":11}},"loc":{"start":{"line":250,"column":14},"end":{"line":250,"column":32}}}},"branchMap":{"0":{"loc":{"start":{"line":12,"column":2},"end":{"line":14,"column":62}},"type":"cond-expr","locations":[{"start":{"line":13,"column":6},"end":{"line":13,"column":16}},{"start":{"line":14,"column":6},"end":{"line":14,"column":62}}]},"1":{"loc":{"start":{"line":37,"column":6},"end":{"line":39,"column":7}},"type":"if","locations":[{"start":{"line":37,"column":6},"end":{"line":39,"column":7}}]},"2":{"loc":{"start":{"line":51,"column":4},"end":{"line":51,"column":39}},"type":"switch","locations":[{"start":{"line":51,"column":4},"end":{"line":51,"column":39}},{"start":{"line":61,"column":6},"end":{"line":61,"column":41}},{"start":{"line":63,"column":6},"end":{"line":63,"column":33}}]},"3":{"loc":{"start":{"line":54,"column":8},"end":{"line":54,"column":16}},"type":"if","locations":[{"start":{"line":54,"column":8},"end":{"line":54,"column":16}}]},"4":{"loc":{"start":{"line":56,"column":6},"end":{"line":59,"column":7}},"type":"if","locations":[{"start":{"line":56,"column":6},"end":{"line":59,"column":7}}]},"5":{"loc":{"start":{"line":86,"column":6},"end":{"line":86,"column":42}},"type":"if","locations":[{"start":{"line":86,"column":6},"end":{"line":86,"column":42}}]},"6":{"loc":{"start":{"line":86,"column":10},"end":{"line":86,"column":23}},"type":"cond-expr","locations":[{"start":{"line":86,"column":14},"end":{"line":86,"column":16}},{"start":{"line":86,"column":10},"end":{"line":86,"column":23}}]},"7":{"loc":{"start":{"line":86,"column":10},"end":{"line":86,"column":16}},"type":"binary-expr","locations":[{"start":{"line":86,"column":10},"end":{"line":86,"column":16}},{"start":{"line":86,"column":10},"end":{"line":86,"column":16}}]},"8":{"loc":{"start":{"line":94,"column":6},"end":{"line":94,"column":37}},"type":"if","locations":[{"start":{"line":94,"column":6},"end":{"line":94,"column":37}}]},"9":{"loc":{"start":{"line":94,"column":10},"end":{"line":94,"column":23}},"type":"cond-expr","locations":[{"start":{"line":94,"column":14},"end":{"line":94,"column":16}},{"start":{"line":94,"column":10},"end":{"line":94,"column":23}}]},"10":{"loc":{"start":{"line":94,"column":10},"end":{"line":94,"column":16}},"type":"binary-expr","locations":[{"start":{"line":94,"column":10},"end":{"line":94,"column":16}},{"start":{"line":94,"column":10},"end":{"line":94,"column":16}}]},"11":{"loc":{"start":{"line":106,"column":4},"end":{"line":106,"column":42}},"type":"if","locations":[{"start":{"line":106,"column":4},"end":{"line":106,"column":42}}]},"12":{"loc":{"start":{"line":106,"column":8},"end":{"line":106,"column":21}},"type":"cond-expr","locations":[{"start":{"line":106,"column":12},"end":{"line":106,"column":14}},{"start":{"line":106,"column":8},"end":{"line":106,"column":21}}]},"13":{"loc":{"start":{"line":106,"column":8},"end":{"line":106,"column":14}},"type":"binary-expr","locations":[{"start":{"line":106,"column":8},"end":{"line":106,"column":14}},{"start":{"line":106,"column":8},"end":{"line":106,"column":14}}]},"14":{"loc":{"start":{"line":126,"column":4},"end":{"line":126,"column":35}},"type":"if","locations":[{"start":{"line":126,"column":4},"end":{"line":126,"column":35}}]},"15":{"loc":{"start":{"line":126,"column":8},"end":{"line":126,"column":21}},"type":"cond-expr","locations":[{"start":{"line":126,"column":12},"end":{"line":126,"column":14}},{"start":{"line":126,"column":8},"end":{"line":126,"column":21}}]},"16":{"loc":{"start":{"line":126,"column":8},"end":{"line":126,"column":14}},"type":"binary-expr","locations":[{"start":{"line":126,"column":8},"end":{"line":126,"column":14}},{"start":{"line":126,"column":8},"end":{"line":126,"column":14}}]},"17":{"loc":{"start":{"line":164,"column":6},"end":{"line":164,"column":37}},"type":"if","locations":[{"start":{"line":164,"column":6},"end":{"line":164,"column":37}}]},"18":{"loc":{"start":{"line":164,"column":10},"end":{"line":164,"column":23}},"type":"cond-expr","locations":[{"start":{"line":164,"column":14},"end":{"line":164,"column":16}},{"start":{"line":164,"column":10},"end":{"line":164,"column":23}}]},"19":{"loc":{"start":{"line":164,"column":10},"end":{"line":164,"column":16}},"type":"binary-expr","locations":[{"start":{"line":164,"column":10},"end":{"line":164,"column":16}},{"start":{"line":164,"column":10},"end":{"line":164,"column":16}}]},"20":{"loc":{"start":{"line":183,"column":6},"end":{"line":183,"column":37}},"type":"if","locations":[{"start":{"line":183,"column":6},"end":{"line":183,"column":37}}]},"21":{"loc":{"start":{"line":183,"column":10},"end":{"line":183,"column":23}},"type":"cond-expr","locations":[{"start":{"line":183,"column":14},"end":{"line":183,"column":16}},{"start":{"line":183,"column":10},"end":{"line":183,"column":23}}]},"22":{"loc":{"start":{"line":183,"column":10},"end":{"line":183,"column":16}},"type":"binary-expr","locations":[{"start":{"line":183,"column":10},"end":{"line":183,"column":16}},{"start":{"line":183,"column":10},"end":{"line":183,"column":16}}]},"23":{"loc":{"start":{"line":199,"column":6},"end":{"line":199,"column":37}},"type":"if","locations":[{"start":{"line":199,"column":6},"end":{"line":199,"column":37}}]},"24":{"loc":{"start":{"line":199,"column":10},"end":{"line":199,"column":23}},"type":"cond-expr","locations":[{"start":{"line":199,"column":14},"end":{"line":199,"column":16}},{"start":{"line":199,"column":10},"end":{"line":199,"column":23}}]},"25":{"loc":{"start":{"line":199,"column":10},"end":{"line":199,"column":16}},"type":"binary-expr","locations":[{"start":{"line":199,"column":10},"end":{"line":199,"column":16}},{"start":{"line":199,"column":10},"end":{"line":199,"column":16}}]},"26":{"loc":{"start":{"line":216,"column":6},"end":{"line":216,"column":37}},"type":"if","locations":[{"start":{"line":216,"column":6},"end":{"line":216,"column":37}}]},"27":{"loc":{"start":{"line":216,"column":10},"end":{"line":216,"column":23}},"type":"cond-expr","locations":[{"start":{"line":216,"column":14},"end":{"line":216,"column":16}},{"start":{"line":216,"column":10},"end":{"line":216,"column":23}}]},"28":{"loc":{"start":{"line":216,"column":10},"end":{"line":216,"column":16}},"type":"binary-expr","locations":[{"start":{"line":216,"column":10},"end":{"line":216,"column":16}},{"start":{"line":216,"column":10},"end":{"line":216,"column":16}}]}},"s":{"0":4,"1":4,"2":4,"3":0,"4":0,"5":4,"6":0,"7":0,"8":0,"9":0,"10":0,"11":0,"12":0,"13":4,"14":4,"15":0,"16":0,"17":0,"18":0,"19":0,"20":0,"21":0,"22":0,"23":0,"24":0,"25":0,"26":0,"27":0,"28":0,"29":0,"30":0,"31":4,"32":4,"33":0,"34":0,"35":0,"36":0,"37":0,"38":4,"39":4,"40":0,"41":0,"42":0,"43":0,"44":0,"45":4,"46":4,"47":0,"48":0,"49":0,"50":0,"51":4,"52":4,"53":0,"54":0,"55":0,"56":0,"57":4,"58":4,"59":0,"60":0,"61":4,"62":4,"63":0,"64":0,"65":0,"66":0,"67":0,"68":4,"69":4,"70":0,"71":0,"72":0,"73":0,"74":0,"75":4,"76":4,"77":0,"78":0,"79":0,"80":0,"81":0,"82":4,"83":4,"84":0,"85":0,"86":0,"87":0,"88":0,"89":4,"90":4,"91":0,"92":4,"93":4,"94":0,"95":4,"96":4,"97":0,"98":0,"99":4},"f":{"0":0,"1":0,"2":0,"3":0,"4":0,"5":0,"6":0,"7":0,"8":0,"9":0,"10":0,"11":0,"12":0,"13":0,"14":0,"15":0,"16":0,"17":0,"18":0,"19":0,"20":0,"21":0,"22":0,"23":0,"24":0,"25":0,"26":0,"27":0,"28":0,"29":0,"30":0,"31":0,"32":0,"33":0,"34":0},"b":{"0":[0,0],"1":[0],"2":[0,0,0],"3":[0],"4":[0],"5":[0],"6":[0,0],"7":[0,0],"8":[0],"9":[0,0],"10":[0,0],"11":[0],"12":[0,0],"13":[0,0],"14":[0],"15":[0,0],"16":[0,0],"17":[0],"18":[0,0],"19":[0,0],"20":[0],"21":[0,0],"22":[0,0],"23":[0],"24":[0,0],"25":[0,0],"26":[0],"27":[0,0],"28":[0,0]}}
,"C:\\Users\\Ангел\\stellar-burgers\\src\\utils\\cookie.ts": {"path":"C:\\Users\\Ангел\\stellar-burgers\\src\\utils\\cookie.ts","statementMap":{"0":{"start":{"line":2,"column":18},"end":{"line":8,"column":null}},"1":{"start":{"line":10,"column":2},"end":{"line":10,"column":62}},"2":{"start":{"line":1,"column":0},"end":{"line":1,"column":16}},"3":{"start":{"line":16,"column":2},"end":{"line":16,"column":null}},"4":{"start":{"line":18,"column":2},"end":{"line":21,"column":4}},"5":{"start":{"line":23,"column":12},"end":{"line":23,"column":25}},"6":{"start":{"line":24,"column":2},"end":{"line":28,"column":3}},"7":{"start":{"line":25,"column":14},"end":{"line":25,"column":24}},"8":{"start":{"line":26,"column":4},"end":{"line":26,"column":40}},"9":{"start":{"line":27,"column":4},"end":{"line":27,"column":28}},"10":{"start":{"line":30,"column":2},"end":{"line":32,"column":3}},"11":{"start":{"line":31,"column":4},"end":{"line":31,"column":38}},"12":{"start":{"line":33,"column":2},"end":{"line":33,"column":36}},"13":{"start":{"line":34,"column":22},"end":{"line":34,"column":40}},"14":{"start":{"line":35,"column":2},"end":{"line":41,"column":3}},"15":{"start":{"line":36,"column":4},"end":{"line":36,"column":37}},"16":{"start":{"line":37,"column":22},"end":{"line":37,"column":37}},"17":{"start":{"line":38,"column":4},"end":{"line":40,"column":5}},"18":{"start":{"line":39,"column":6},"end":{"line":39,"column":39}},"19":{"start":{"line":42,"column":2},"end":{"line":42,"column":34}},"20":{"start":{"line":13,"column":0},"end":{"line":13,"column":16}},"21":{"start":{"line":46,"column":2},"end":{"line":46,"column":39}},"22":{"start":{"line":45,"column":0},"end":{"line":45,"column":16}},"23":{"start":{"line":50,"column":2},"end":{"line":50,"column":40}},"24":{"start":{"line":49,"column":0},"end":{"line":49,"column":16}}},"fnMap":{"0":{"name":"getCookie","decl":{"start":{"line":1,"column":16},"end":{"line":1,"column":25}},"loc":{"start":{"line":1,"column":38},"end":{"line":11,"column":1}}},"1":{"name":"setCookie","decl":{"start":{"line":13,"column":16},"end":{"line":13,"column":25}},"loc":{"start":{"line":16,"column":65},"end":{"line":43,"column":1}}},"2":{"name":"deleteCookie","decl":{"start":{"line":45,"column":16},"end":{"line":45,"column":28}},"loc":{"start":{"line":45,"column":41},"end":{"line":47,"column":1}}},"3":{"name":"getAccessToken","decl":{"start":{"line":49,"column":16},"end":{"line":49,"column":30}},"loc":{"start":{"line":49,"column":30},"end":{"line":51,"column":1}}}},"branchMap":{"0":{"loc":{"start":{"line":10,"column":9},"end":{"line":10,"column":61}},"type":"cond-expr","locations":[{"start":{"line":10,"column":19},"end":{"line":10,"column":49}},{"start":{"line":10,"column":52},"end":{"line":10,"column":61}}]},"1":{"loc":{"start":{"line":16,"column":2},"end":{"line":16,"column":null}},"type":"if","locations":[{"start":{"line":16,"column":2},"end":{"line":16,"column":null}}]},"2":{"loc":{"start":{"line":24,"column":2},"end":{"line":28,"column":3}},"type":"if","locations":[{"start":{"line":24,"column":2},"end":{"line":28,"column":3}}]},"3":{"loc":{"start":{"line":24,"column":6},"end":{"line":24,"column":36}},"type":"binary-expr","locations":[{"start":{"line":24,"column":6},"end":{"line":24,"column":9}},{"start":{"line":24,"column":13},"end":{"line":24,"column":36}}]},"4":{"loc":{"start":{"line":30,"column":2},"end":{"line":32,"column":3}},"type":"if","locations":[{"start":{"line":30,"column":2},"end":{"line":32,"column":3}}]},"5":{"loc":{"start":{"line":30,"column":6},"end":{"line":30,"column":32}},"type":"binary-expr","locations":[{"start":{"line":30,"column":6},"end":{"line":30,"column":9}},{"start":{"line":30,"column":13},"end":{"line":30,"column":32}}]},"6":{"loc":{"start":{"line":38,"column":4},"end":{"line":40,"column":5}},"type":"if","locations":[{"start":{"line":38,"column":4},"end":{"line":40,"column":5}}]},"7":{"loc":{"start":{"line":50,"column":9},"end":{"line":50,"column":39}},"type":"binary-expr","locations":[{"start":{"line":50,"column":9},"end":{"line":50,"column":33}},{"start":{"line":50,"column":37},"end":{"line":50,"column":39}}]}},"s":{"0":0,"1":0,"2":4,"3":0,"4":0,"5":0,"6":0,"7":0,"8":0,"9":0,"10":0,"11":0,"12":0,"13":0,"14":0,"15":0,"16":0,"17":0,"18":0,"19":0,"20":4,"21":0,"22":4,"23":0,"24":4},"f":{"0":0,"1":0,"2":0,"3":0},"b":{"0":[0,0],"1":[0],"2":[0],"3":[0,0],"4":[0],"5":[0,0],"6":[0],"7":[0,0]}}
}
