TN:
SF:src\services\rootReducer.ts
FNF:0
FNH:0
DA:1,1
DA:2,1
DA:3,1
DA:4,1
DA:5,1
DA:7,1
LF:6
LH:6
BRF:0
BRH:0
end_of_record
TN:
SF:src\services\slices\authSlice.ts
FN:33,(anonymous_13)
FN:48,(anonymous_16)
FN:63,(anonymous_19)
FN:78,(anonymous_22)
FN:93,(anonymous_25)
FN:111,(anonymous_28)
FN:114,(anonymous_29)
FN:118,(anonymous_30)
FN:120,(anonymous_31)
FN:124,(anonymous_32)
FN:129,(anonymous_33)
FN:133,(anonymous_34)
FN:137,(anonymous_35)
FN:142,(anonymous_36)
FN:146,(anonymous_37)
FN:149,(anonymous_38)
FN:154,(anonymous_39)
FN:159,(anonymous_40)
FN:163,(anonymous_41)
FN:168,(anonymous_42)
FN:172,(anonymous_43)
FN:182,(anonymous_44)
FN:183,(anonymous_45)
FN:184,(anonymous_46)
FN:185,(anonymous_47)
FN:187,(anonymous_48)
FNF:26
FNH:6
FNDA:0,(anonymous_13)
FNDA:0,(anonymous_16)
FNDA:0,(anonymous_19)
FNDA:0,(anonymous_22)
FNDA:0,(anonymous_25)
FNDA:1,(anonymous_28)
FNDA:2,(anonymous_29)
FNDA:2,(anonymous_30)
FNDA:0,(anonymous_31)
FNDA:0,(anonymous_32)
FNDA:0,(anonymous_33)
FNDA:0,(anonymous_34)
FNDA:0,(anonymous_35)
FNDA:0,(anonymous_36)
FNDA:1,(anonymous_37)
FNDA:1,(anonymous_38)
FNDA:1,(anonymous_39)
FNDA:0,(anonymous_40)
FNDA:0,(anonymous_41)
FNDA:0,(anonymous_42)
FNDA:0,(anonymous_43)
FNDA:0,(anonymous_44)
FNDA:0,(anonymous_45)
FNDA:0,(anonymous_46)
FNDA:0,(anonymous_47)
FNDA:0,(anonymous_48)
DA:1,2
DA:2,2
DA:24,2
DA:31,2
DA:33,0
DA:35,0
DA:36,0
DA:37,0
DA:38,0
DA:40,0
DA:41,0
DA:46,2
DA:48,0
DA:50,0
DA:51,0
DA:52,0
DA:53,0
DA:55,0
DA:56,0
DA:61,2
DA:63,0
DA:65,0
DA:66,0
DA:68,0
DA:69,0
DA:76,2
DA:78,0
DA:80,0
DA:81,0
DA:83,0
DA:84,0
DA:91,2
DA:93,0
DA:95,0
DA:96,0
DA:97,0
DA:99,0
DA:101,0
DA:102,0
DA:107,2
DA:112,1
DA:115,2
DA:119,2
DA:121,0
DA:122,0
DA:125,0
DA:126,0
DA:127,0
DA:130,0
DA:131,0
DA:134,0
DA:135,0
DA:138,0
DA:139,0
DA:140,0
DA:143,0
DA:144,0
DA:147,1
DA:150,1
DA:151,1
DA:152,1
DA:155,1
DA:156,1
DA:157,1
DA:160,0
DA:161,0
DA:164,0
DA:165,0
DA:166,0
DA:169,0
DA:170,0
DA:173,0
DA:174,0
DA:179,2
DA:180,2
DA:182,2
DA:183,2
DA:184,2
DA:185,2
DA:186,0
DA:187,2
LF:81
LH:26
BRDA:41,0,0,0
BRDA:41,0,1,0
BRDA:56,1,0,0
BRDA:56,1,1,0
BRDA:70,2,0,0
BRDA:70,2,1,0
BRDA:85,3,0,0
BRDA:85,3,1,0
BRDA:102,4,0,0
BRDA:102,4,1,0
BRDA:131,5,0,0
BRDA:131,5,1,0
BRDA:144,6,0,0
BRDA:144,6,1,0
BRDA:170,7,0,0
BRDA:170,7,1,0
BRF:16
BRH:0
end_of_record
TN:
SF:src\services\slices\burgerConstructorSlice.ts
FN:18,(anonymous_1)
FN:21,(anonymous_2)
FN:24,(anonymous_3)
FN:26,(anonymous_4)
FN:28,(anonymous_5)
FN:38,(anonymous_6)
FN:55,(anonymous_7)
FNF:7
FNH:6
FNDA:4,(anonymous_1)
FNDA:12,(anonymous_2)
FNDA:2,(anonymous_3)
FNDA:3,(anonymous_4)
FNDA:2,(anonymous_5)
FNDA:1,(anonymous_6)
FNDA:0,(anonymous_7)
DA:1,3
DA:9,3
DA:14,3
DA:19,4
DA:22,12
DA:25,2
DA:26,3
DA:32,2
DA:33,2
DA:34,2
DA:35,2
DA:36,2
DA:39,1
DA:40,1
DA:46,3
DA:53,3
DA:55,3
DA:57,0
LF:18
LH:17
BRF:0
BRH:0
end_of_record
TN:
SF:src\services\slices\ingredientsSlice.ts
FN:11,(anonymous_13)
FN:37,(anonymous_16)
FN:41,(anonymous_17)
FN:43,(anonymous_18)
FN:47,(anonymous_19)
FN:51,(anonymous_20)
FN:65,(anonymous_21)
FN:70,(anonymous_22)
FN:75,(anonymous_23)
FN:80,(anonymous_24)
FN:83,(anonymous_25)
FN:84,(anonymous_26)
FN:87,(anonymous_27)
FN:88,(anonymous_28)
FN:91,(anonymous_29)
FN:92,(anonymous_30)
FNF:16
FNH:5
FNDA:0,(anonymous_13)
FNDA:2,(anonymous_16)
FNDA:2,(anonymous_17)
FNDA:1,(anonymous_18)
FNDA:1,(anonymous_19)
FNDA:2,(anonymous_20)
FNDA:0,(anonymous_21)
FNDA:0,(anonymous_22)
FNDA:0,(anonymous_23)
FNDA:0,(anonymous_24)
FNDA:0,(anonymous_25)
FNDA:0,(anonymous_26)
FNDA:0,(anonymous_27)
FNDA:0,(anonymous_28)
FNDA:0,(anonymous_29)
FNDA:0,(anonymous_30)
DA:1,2
DA:6,2
DA:9,2
DA:11,0
DA:13,0
DA:14,0
DA:16,0
DA:27,2
DA:33,2
DA:38,2
DA:42,2
DA:44,1
DA:45,1
DA:48,1
DA:49,1
DA:52,2
DA:54,2
DA:62,2
DA:63,2
DA:65,2
DA:66,0
DA:68,2
DA:70,0
DA:73,2
DA:75,0
DA:78,2
DA:80,0
DA:83,2
DA:84,0
DA:87,2
DA:88,0
DA:91,2
DA:92,0
LF:33
LH:22
BRDA:55,0,0,2
BRDA:55,0,1,1
BRDA:55,0,2,0
BRDA:56,1,0,0
BRDA:56,1,1,1
BRDA:56,2,0,1
BRDA:56,2,1,1
BRF:7
BRH:5
end_of_record
TN:
SF:src\services\slices\orderSlice.ts
FN:36,(anonymous_13)
FN:51,(anonymous_16)
FN:66,(anonymous_19)
FN:84,(anonymous_22)
FN:88,(anonymous_23)
FN:91,(anonymous_24)
FN:94,(anonymous_25)
FN:101,(anonymous_26)
FN:105,(anonymous_27)
FN:107,(anonymous_28)
FN:111,(anonymous_29)
FN:117,(anonymous_30)
FN:122,(anonymous_31)
FN:126,(anonymous_32)
FN:130,(anonymous_33)
FN:135,(anonymous_34)
FN:140,(anonymous_35)
FN:144,(anonymous_36)
FN:160,(anonymous_37)
FN:161,(anonymous_38)
FN:163,(anonymous_39)
FN:165,(anonymous_40)
FN:167,(anonymous_41)
FN:169,(anonymous_42)
FN:171,(anonymous_43)
FNF:25
FNH:9
FNDA:0,(anonymous_13)
FNDA:0,(anonymous_16)
FNDA:0,(anonymous_19)
FNDA:1,(anonymous_22)
FNDA:0,(anonymous_23)
FNDA:0,(anonymous_24)
FNDA:0,(anonymous_25)
FNDA:1,(anonymous_26)
FNDA:2,(anonymous_27)
FNDA:1,(anonymous_28)
FNDA:1,(anonymous_29)
FNDA:1,(anonymous_30)
FNDA:0,(anonymous_31)
FNDA:0,(anonymous_32)
FNDA:0,(anonymous_33)
FNDA:1,(anonymous_34)
FNDA:1,(anonymous_35)
FNDA:1,(anonymous_36)
FNDA:0,(anonymous_37)
FNDA:0,(anonymous_38)
FNDA:0,(anonymous_39)
FNDA:0,(anonymous_40)
FNDA:0,(anonymous_41)
FNDA:0,(anonymous_42)
FNDA:0,(anonymous_43)
DA:1,2
DA:2,2
DA:8,2
DA:24,2
DA:34,2
DA:36,0
DA:38,0
DA:39,0
DA:41,0
DA:42,0
DA:49,2
DA:51,0
DA:53,0
DA:54,0
DA:56,0
DA:57,0
DA:64,2
DA:66,0
DA:68,0
DA:70,0
DA:72,0
DA:74,0
DA:75,0
DA:80,2
DA:85,1
DA:86,1
DA:89,0
DA:92,0
DA:98,0
DA:99,0
DA:102,1
DA:106,2
DA:108,1
DA:109,1
DA:112,1
DA:113,1
DA:114,1
DA:115,1
DA:118,1
DA:119,1
DA:123,0
DA:124,0
DA:127,0
DA:128,0
DA:131,0
DA:132,0
DA:136,1
DA:137,1
DA:138,1
DA:141,1
DA:142,1
DA:145,1
DA:146,1
DA:152,2
DA:158,2
DA:160,2
DA:161,2
DA:162,0
DA:163,2
DA:164,0
DA:165,2
DA:166,0
DA:167,2
DA:168,0
DA:169,2
DA:170,0
DA:171,2
LF:67
LH:36
BRDA:43,0,0,0
BRDA:43,0,1,0
BRDA:58,1,0,0
BRDA:58,1,1,0
BRDA:75,2,0,0
BRDA:75,2,1,0
BRDA:120,3,0,1
BRDA:120,3,1,0
BRDA:133,4,0,0
BRDA:133,4,1,0
BRDA:146,5,0,1
BRDA:146,5,1,0
BRF:12
BRH:2
end_of_record
TN:
SF:src\utils\burger-api.ts
FN:11,(anonymous_13)
FN:14,(anonymous_14)
FN:25,(anonymous_15)
FN:35,(anonymous_16)
FN:36,(anonymous_17)
FN:45,(anonymous_18)
FN:47,(anonymous_19)
FN:82,(anonymous_21)
FN:84,(anonymous_22)
FN:85,(anonymous_23)
FN:90,(anonymous_24)
FN:92,(anonymous_25)
FN:93,(anonymous_26)
FN:98,(anonymous_27)
FN:105,(anonymous_28)
FN:115,(anonymous_29)
FN:125,(anonymous_30)
FN:134,(anonymous_31)
FN:140,(anonymous_32)
FN:154,(anonymous_33)
FN:162,(anonymous_34)
FN:163,(anonymous_35)
FN:173,(anonymous_36)
FN:181,(anonymous_37)
FN:182,(anonymous_38)
FN:187,(anonymous_39)
FN:197,(anonymous_40)
FN:198,(anonymous_41)
FN:203,(anonymous_42)
FN:214,(anonymous_43)
FN:215,(anonymous_44)
FN:222,(anonymous_45)
FN:229,(anonymous_46)
FN:241,(anonymous_47)
FN:250,(anonymous_48)
FNF:35
FNH:0
FNDA:0,(anonymous_13)
FNDA:0,(anonymous_14)
FNDA:0,(anonymous_15)
FNDA:0,(anonymous_16)
FNDA:0,(anonymous_17)
FNDA:0,(anonymous_18)
FNDA:0,(anonymous_19)
FNDA:0,(anonymous_21)
FNDA:0,(anonymous_22)
FNDA:0,(anonymous_23)
FNDA:0,(anonymous_24)
FNDA:0,(anonymous_25)
FNDA:0,(anonymous_26)
FNDA:0,(anonymous_27)
FNDA:0,(anonymous_28)
FNDA:0,(anonymous_29)
FNDA:0,(anonymous_30)
FNDA:0,(anonymous_31)
FNDA:0,(anonymous_32)
FNDA:0,(anonymous_33)
FNDA:0,(anonymous_34)
FNDA:0,(anonymous_35)
FNDA:0,(anonymous_36)
FNDA:0,(anonymous_37)
FNDA:0,(anonymous_38)
FNDA:0,(anonymous_39)
FNDA:0,(anonymous_40)
FNDA:0,(anonymous_41)
FNDA:0,(anonymous_42)
FNDA:0,(anonymous_43)
FNDA:0,(anonymous_44)
FNDA:0,(anonymous_45)
FNDA:0,(anonymous_46)
FNDA:0,(anonymous_47)
FNDA:0,(anonymous_48)
DA:1,4
DA:4,4
DA:11,4
DA:12,0
DA:14,0
DA:25,4
DA:26,0
DA:35,0
DA:37,0
DA:38,0
DA:40,0
DA:41,0
DA:42,0
DA:45,4
DA:47,0
DA:50,0
DA:51,0
DA:53,0
DA:54,0
DA:55,0
DA:56,0
DA:57,0
DA:60,0
DA:61,0
DA:63,0
DA:82,4
DA:83,0
DA:84,0
DA:86,0
DA:87,0
DA:90,4
DA:91,0
DA:92,0
DA:94,0
DA:95,0
DA:98,4
DA:99,0
DA:106,0
DA:107,0
DA:115,4
DA:116,0
DA:126,0
DA:127,0
DA:134,4
DA:135,0
DA:140,0
DA:154,4
DA:155,0
DA:162,0
DA:164,0
DA:165,0
DA:173,4
DA:174,0
DA:181,0
DA:183,0
DA:184,0
DA:187,4
DA:190,0
DA:197,0
DA:199,0
DA:200,0
DA:203,4
DA:207,0
DA:214,0
DA:216,0
DA:217,0
DA:222,4
DA:223,0
DA:229,4
DA:232,0
DA:241,4
DA:242,0
DA:250,0
LF:73
LH:17
BRDA:12,0,0,0
BRDA:12,0,1,0
BRDA:37,1,0,0
BRDA:51,2,0,0
BRDA:51,2,1,0
BRDA:51,2,2,0
BRDA:54,3,0,0
BRDA:56,4,0,0
BRDA:86,5,0,0
BRDA:86,6,0,0
BRDA:86,6,1,0
BRDA:86,7,0,0
BRDA:86,7,1,0
BRDA:94,8,0,0
BRDA:94,9,0,0
BRDA:94,9,1,0
BRDA:94,10,0,0
BRDA:94,10,1,0
BRDA:106,11,0,0
BRDA:106,12,0,0
BRDA:106,12,1,0
BRDA:106,13,0,0
BRDA:106,13,1,0
BRDA:126,14,0,0
BRDA:126,15,0,0
BRDA:126,15,1,0
BRDA:126,16,0,0
BRDA:126,16,1,0
BRDA:164,17,0,0
BRDA:164,18,0,0
BRDA:164,18,1,0
BRDA:164,19,0,0
BRDA:164,19,1,0
BRDA:183,20,0,0
BRDA:183,21,0,0
BRDA:183,21,1,0
BRDA:183,22,0,0
BRDA:183,22,1,0
BRDA:199,23,0,0
BRDA:199,24,0,0
BRDA:199,24,1,0
BRDA:199,25,0,0
BRDA:199,25,1,0
BRDA:216,26,0,0
BRDA:216,27,0,0
BRDA:216,27,1,0
BRDA:216,28,0,0
BRDA:216,28,1,0
BRF:48
BRH:0
end_of_record
TN:
SF:src\utils\cookie.ts
FN:1,getCookie
FN:13,setCookie
FN:45,deleteCookie
FN:49,getAccessToken
FNF:4
FNH:0
FNDA:0,getCookie
FNDA:0,setCookie
FNDA:0,deleteCookie
FNDA:0,getAccessToken
DA:1,4
DA:2,0
DA:10,0
DA:13,4
DA:16,0
DA:18,0
DA:23,0
DA:24,0
DA:25,0
DA:26,0
DA:27,0
DA:30,0
DA:31,0
DA:33,0
DA:34,0
DA:35,0
DA:36,0
DA:37,0
DA:38,0
DA:39,0
DA:42,0
DA:45,4
DA:46,0
DA:49,4
DA:50,0
LF:25
LH:4
BRDA:10,0,0,0
BRDA:10,0,1,0
BRDA:16,1,0,0
BRDA:24,2,0,0
BRDA:24,3,0,0
BRDA:24,3,1,0
BRDA:30,4,0,0
BRDA:30,5,0,0
BRDA:30,5,1,0
BRDA:38,6,0,0
BRDA:50,7,0,0
BRDA:50,7,1,0
BRF:12
BRH:0
end_of_record
